Base path: /Applications/Unity/Unity.app/Contents
Cmd: initializeCompiler
Cmd: compileComputeKernel
  api=14 insize=2134 outsize=2125 ok=1
Cmd: compileComputeKernel
  api=14 insize=5188 outsize=10513 ok=1
Cmd: translateComputeKernel
  api=14 insize=6781 outsize=10621 ok=1
Cmd: compileComputeKernel
  api=14 insize=9421 outsize=9573 ok=1
Cmd: compileComputeKernel
  api=14 insize=2953 outsize=1997 ok=1
Cmd: compileComputeKernel
  api=14 insize=1864 outsize=1129 ok=1
Cmd: translateComputeKernel
  api=14 insize=1129 outsize=1409 ok=1
Cmd: initializeCompiler
Cmd: initializeCompiler
Cmd: initializeCompiler
Cmd: initializeCompiler

Quitting shader compiler process
