Base path: /Applications/Unity/Unity.app/Contents
Cmd: initializeCompiler
Cmd: compileComputeKernel
  api=14 insize=2134 outsize=781 ok=1
Cmd: translateComputeKernel
  api=14 insize=833 outsize=777 ok=1
Cmd: translateComputeKernel
  api=14 insize=48529 outsize=85537 ok=1
Cmd: compileComputeKernel
  api=14 insize=5188 outsize=5485 ok=1
Cmd: compileComputeKernel
  api=14 insize=9421 outsize=9657 ok=1
Cmd: translateComputeKernel
  api=14 insize=9573 outsize=16353 ok=1
Cmd: compileComputeKernel
  api=14 insize=1864 outsize=1997 ok=1
Cmd: translateComputeKernel
  api=14 insize=1177 outsize=1289 ok=1
Cmd: initializeCompiler
Cmd: initializeCompiler
Cmd: initializeCompiler
Cmd: initializeCompiler

Quitting shader compiler process
